Ѕаза данных закрыта.
Ѕаза данных размонтирована.
Ёкземпл€р ORACLE завершен.
Ёкземпл€р ORACLE запущен.

Total System Global Area 1071333376 bytes                                       
Fixed Size                  1375792 bytes                                       
Variable Size             754975184 bytes                                       
Database Buffers          310378496 bytes                                       
Redo Buffers                4603904 bytes                                       
Ѕаза данных смонтирована.
Ѕаза данных открыта.

Ѕаза данных изменена.

Ѕаза данных закрыта.
Ѕаза данных размонтирована.
Ёкземпл€р ORACLE завершен.
Ёкземпл€р ORACLE запущен.

Total System Global Area 1071333376 bytes                                       
Fixed Size                  1375792 bytes                                       
Variable Size             754975184 bytes                                       
Database Buffers          310378496 bytes                                       
Redo Buffers                4603904 bytes                                       
Ѕаза данных смонтирована.
Ѕаза данных открыта.

ѕользователь удален.


ѕользователь создан.


ѕривилегии предоставлены.


ѕривилегии предоставлены.

