
Соединен с: Oracle Database 11g Enterprise Edition Release 11.2.0.1.0 - Production
With the Partitioning, OLAP, Data Mining and Real Application Testing options
Экспорт сделан с код.таблицами CL8MSWIN1251 и AL16UTF16 NCHAR
сервер использует кодировку AL32UTF8 (возможно перекодирование)

Готовится экспорт указанных пользователей  ...
. экспортируются pre-schema процедурные объекты и действия
. экспортируются имена библиотек внешних функций для пользователя ZAMER 
. экспортируются синонимы типа PUBLIC
. экспортируются синонимы закрытого типа
. экспортируются определения типов объектов для пользователя ZAMER 
Готовится экспорт объектов ZAMER ...
. экспорт связей базы данных
. экспорт порядковых номеров
. экспорт определений кластеров
Готовится экспорт таблиц ZAMER чеpез обычный маpшpут ...
. . экспорт таблицы                   ATMPZAMERTMP
EXP-00091: Экспортируется недостоверная статистика
. . экспорт таблицы                      AZAMERTMP
                                                          161 строк экспортировано
EXP-00091: Экспортируется недостоверная статистика
. . экспорт таблицы                          GRIDS
                                                            7 строк экспортировано
EXP-00091: Экспортируется недостоверная статистика
. . экспорт таблицы                            INI
                                                           14 строк экспортировано
EXP-00091: Экспортируется недостоверная статистика
. . экспорт таблицы                          NOMER
                                                            1 строк экспортировано
EXP-00091: Экспортируется недостоверная статистика
EXP-00091: Экспортируется недостоверная статистика
. . экспорт таблицы                          STEND
                                                            5 строк экспортировано
EXP-00091: Экспортируется недостоверная статистика
. . экспорт таблицы                        VERSION
                                                            1 строк экспортировано
EXP-00091: Экспортируется недостоверная статистика
. . экспорт таблицы                          ZAMER
                                                            1 строк экспортировано
EXP-00091: Экспортируется недостоверная статистика
. . экспорт таблицы                       ZAMERTMP
                                                           80 строк экспортировано
EXP-00091: Экспортируется недостоверная статистика
. . экспорт таблицы                           ZBIG
                                                            6 строк экспортировано
EXP-00091: Экспортируется недостоверная статистика
. . экспорт таблицы                         ZDELTA
                                                            6 строк экспортировано
EXP-00091: Экспортируется недостоверная статистика
EXP-00091: Экспортируется недостоверная статистика
. . экспорт таблицы                       ZDVIGALL
                                                           22 строк экспортировано
EXP-00091: Экспортируется недостоверная статистика
EXP-00091: Экспортируется недостоверная статистика
. . экспорт таблицы                        ZELSPEC
                                                           46 строк экспортировано
EXP-00091: Экспортируется недостоверная статистика
EXP-00091: Экспортируется недостоверная статистика
. . экспорт таблицы                     ZELSPECTMP
                                                            1 строк экспортировано
EXP-00091: Экспортируется недостоверная статистика
. . экспорт таблицы                           ZERR
                                                            3 строк экспортировано
EXP-00091: Экспортируется недостоверная статистика
. . экспорт таблицы                         ZGRIDS
                                                           94 строк экспортировано
EXP-00091: Экспортируется недостоверная статистика
. . экспорт таблицы                         ZHHALL
...
                                                         3908 строк экспортировано
EXP-00091: Экспортируется недостоверная статистика
EXP-00091: Экспортируется недостоверная статистика
. . экспорт таблицы                        ZHHSVOD
                                                           50 строк экспортировано
EXP-00091: Экспортируется недостоверная статистика
EXP-00091: Экспортируется недостоверная статистика
. . экспорт таблицы                           ZINI
                                                           67 строк экспортировано
EXP-00091: Экспортируется недостоверная статистика
. . экспорт таблицы                         ZKZALL
                                                          190 строк экспортировано
EXP-00091: Экспортируется недостоверная статистика
EXP-00091: Экспортируется недостоверная статистика
. . экспорт таблицы                        ZKZSVOD
                                                           13 строк экспортировано
EXP-00091: Экспортируется недостоверная статистика
EXP-00091: Экспортируется недостоверная статистика
. . экспорт таблицы                        ZMEHALL
                                                          198 строк экспортировано
EXP-00091: Экспортируется недостоверная статистика
EXP-00091: Экспортируется недостоверная статистика
. . экспорт таблицы                       ZMEHSVOD
                                                            4 строк экспортировано
EXP-00091: Экспортируется недостоверная статистика
EXP-00091: Экспортируется недостоверная статистика
. . экспорт таблицы                         ZMLAST
                                                           72 строк экспортировано
EXP-00091: Экспортируется недостоверная статистика
. . экспорт таблицы                     ZNAGREVALL
                                                          616 строк экспортировано
EXP-00091: Экспортируется недостоверная статистика
. . экспорт таблицы                    ZNAGREVSVOD
                                                           16 строк экспортировано
EXP-00091: Экспортируется недостоверная статистика
EXP-00091: Экспортируется недостоверная статистика
. . экспорт таблицы                         ZPROCH
                                                            3 строк экспортировано
EXP-00091: Экспортируется недостоверная статистика
EXP-00091: Экспортируется недостоверная статистика
. . экспорт таблицы                         ZRHALL
                                                          489 строк экспортировано
EXP-00091: Экспортируется недостоверная статистика
EXP-00091: Экспортируется недостоверная статистика
. . экспорт таблицы                        ZRHSVOD
                                                           12 строк экспортировано
EXP-00091: Экспортируется недостоверная статистика
EXP-00091: Экспортируется недостоверная статистика
. . экспорт таблицы                        ZSOPROT
                                                           13 строк экспортировано
EXP-00091: Экспортируется недостоверная статистика
EXP-00091: Экспортируется недостоверная статистика
. . экспорт таблицы                          ZSOTR
                                                            2 строк экспортировано
EXP-00091: Экспортируется недостоверная статистика
. . экспорт таблицы                         ZSTEND
                                                            5 строк экспортировано
EXP-00091: Экспортируется недостоверная статистика
. . экспорт таблицы                         ZTABLE
                                                           20 строк экспортировано
EXP-00091: Экспортируется недостоверная статистика
EXP-00091: Экспортируется недостоверная статистика
. . экспорт таблицы                         ZULAST
                                                           41 строк экспортировано
EXP-00091: Экспортируется недостоверная статистика
. . экспорт таблицы                        ZUMSVOD
                                                           41 строк экспортировано
EXP-00091: Экспортируется недостоверная статистика
. . экспорт таблицы                         ZVIBRO
                                                          108 строк экспортировано
EXP-00091: Экспортируется недостоверная статистика
EXP-00091: Экспортируется недостоверная статистика
. . экспорт таблицы                          ZZVUK
                                                           48 строк экспортировано
EXP-00091: Экспортируется недостоверная статистика
EXP-00091: Экспортируется недостоверная статистика
. экспорт синонимов
. экспорт представлений
. экспорт хранимых процедур
. экспортируются операторы
. экспорт ссылочных ограничений целостности
. экспорт триггеров
. экспортируются индексные типы
. экспортируются битовые, функциональные и расширяемые индексы
. экспорт посттабличных действий
. экспорт материализованных представлений
. экспорт журналов снимков
. экспорт очередей заданий
. экспорт обновл.групп и потомков
. экспортируются размерности
. экспортируются post-schema процедурные объекты и действия
. экспорт статистики
Экспорт завершен успешно с предупреждениями.
