
Connected to: Oracle Database 11g Express Edition Release 11.2.0.2.0 - Production

Export file created by EXPORT:V11.02.00 via conventional path
import done in CL8MSWIN1251 character set and AL16UTF16 NCHAR character set
import server uses AL32UTF8 character set (possible charset conversion)
. . importing table                    "AZAMERTMP"
                                                          161 rows imported
. . importing table                      "COMMAND"
                                                            0 rows imported
. . importing table                        "GRIDS"
                                                            7 rows imported
. . importing table                          "INI"
                                                           14 rows imported
. . importing table                        "NOMER"
                                                            1 rows imported
. . importing table                        "STEND"
                                                            5 rows imported
. . importing table                      "VERSION"
                                                            1 rows imported
. . importing table                        "ZAMER"
                                                            1 rows imported
. . importing table                     "ZAMERTMP"
                                                          835 rows imported
. . importing table                         "ZBIG"
                                                            6 rows imported
. . importing table                       "ZDELTA"
                                                            6 rows imported
. . importing table                     "ZDVIGALL"
                                                           31 rows imported
. . importing table                      "ZELSPEC"
                                                          147 rows imported
. . importing table                   "ZELSPECTMP"
                                                            1 rows imported
. . importing table                         "ZERR"
                                                            3 rows imported
. . importing table                       "ZGRIDS"
                                                           94 rows imported
. . importing table                       "ZHHALL"
...............
                                                        15028 rows imported
. . importing table                      "ZHHSVOD"
                                                          133 rows imported
. . importing table                         "ZINI"
                                                           90 rows imported
. . importing table                       "ZKZALL"
                                                          354 rows imported
. . importing table                      "ZKZSVOD"
                                                           20 rows imported
. . importing table                      "ZMEHALL"
..
                                                         2033 rows imported
. . importing table                     "ZMEHSVOD"
                                                           29 rows imported
. . importing table                       "ZMLAST"
                                                          147 rows imported
. . importing table                   "ZNAGREVALL"
..
                                                         2266 rows imported
. . importing table                  "ZNAGREVSVOD"
                                                           32 rows imported
. . importing table                       "ZPROCH"
                                                            6 rows imported
. . importing table                       "ZRHALL"
......
                                                         6324 rows imported
. . importing table                      "ZRHSVOD"
                                                           54 rows imported
. . importing table                      "ZSOPROT"
                                                           20 rows imported
. . importing table                        "ZSOTR"
                                                            3 rows imported
. . importing table                       "ZSTEND"
                                                            5 rows imported
. . importing table                       "ZTABLE"
                                                           20 rows imported
. . importing table                       "ZULAST"
                                                           86 rows imported
. . importing table                      "ZUMSVOD"
                                                           86 rows imported
. . importing table                       "ZVIBRO"
                                                          216 rows imported
. . importing table                        "ZZVUK"
                                                           96 rows imported
About to enable constraints...
Import terminated successfully without warnings.
